<?xml version="1.0" encoding="UTF-8"?>
<!-- Generated by org.testng.reporters.JUnitXMLReporter -->
<testsuite ignored="0" hostname="LAPTOP-755STTQD" failures="0" tests="13" name="MakeMyTripTests" time="318.767" errors="0" timestamp="2025-09-13T22:05:04 IST">
  <testcase classname="tests.LoginTest" name="EnterLoginCredential" time="2.49"/>
  <testcase classname="tests.LoginTest" name="testClosePopup" time="0.258"/>
  <testcase classname="tests.FlightTest" name="ads" time="0.637"/>
  <testcase classname="tests.FlightTest" name="OneWayTrip" time="16.579"/>
  <testcase classname="tests.FlightTest" name="RoundTrip" time="7.554"/>
  <testcase classname="tests.HotelTest" name="hotelSearchWithFutureDatesTest" time="7.022"/>
  <testcase classname="tests.HotelTest" name="hotelFilterApplicationTest" time="127.688"/>
  <testcase classname="tests.HotelTest" name="hotelSortResults" time="30.78"/>
  <testcase classname="tests.HotelTest" name="hotelDetailPageValidation" time="3.968"/>
  <testcase classname="tests.HotelTest" name="hotelRoomBooking" time="10.259"/>
  <testcase classname="tests.HotelTest" name="hotelSearchWithPastCheckinDate" time="8.925"/>
  <testcase classname="tests.HotelTest" name="hotelSearchWithSameCheckinCheckoutDate" time="34.38"/>
  <testcase classname="tests.HotelTest" name="hotelSearchWithoutDestination" time="7.51"/>
</testsuite> <!-- MakeMyTripTests -->
