<?xml version="1.0" encoding="UTF-8"?>
<!-- Generated by org.testng.reporters.JUnitXMLReporter -->
<testsuite ignored="9" hostname="LAPTOP-755STTQD" failures="0" tests="4" name="MakeMyTripTests-Firefox" time="80.203" errors="0" timestamp="2025-09-13T10:06:12 IST">
  <testcase classname="tests.LoginTest" name="EnterLoginCredential" time="2.625"/>
  <testcase classname="tests.LoginTest" name="testClosePopup" time="0.275"/>
  <testcase classname="tests.FlightTest" name="OneWayTrip" time="5.808"/>
  <testcase classname="tests.HotelTest" name="hotelSearchWithFutureDatesTest" time="7.764"/>
  <testcase classname="tests.HotelTest" name="hotelSearchWithoutDestination" time="0.0">
    <ignored/>
  </testcase> <!-- hotelSearchWithoutDestination -->
  <testcase classname="tests.HotelTest" name="hotelDetailPageValidation" time="0.0">
    <ignored/>
  </testcase> <!-- hotelDetailPageValidation -->
  <testcase classname="tests.FlightTest" name="ads" time="0.0">
    <ignored/>
  </testcase> <!-- ads -->
  <testcase classname="tests.HotelTest" name="hotelSortResults" time="0.0">
    <ignored/>
  </testcase> <!-- hotelSortResults -->
  <testcase classname="tests.HotelTest" name="hotelSearchWithPastCheckinDate" time="0.0">
    <ignored/>
  </testcase> <!-- hotelSearchWithPastCheckinDate -->
  <testcase classname="tests.FlightTest" name="RoundTrip" time="0.0">
    <ignored/>
  </testcase> <!-- RoundTrip -->
  <testcase classname="tests.HotelTest" name="hotelSearchWithSameCheckinCheckoutDate" time="0.0">
    <ignored/>
  </testcase> <!-- hotelSearchWithSameCheckinCheckoutDate -->
  <testcase classname="tests.HotelTest" name="hotelFilterApplicationTest" time="0.0">
    <ignored/>
  </testcase> <!-- hotelFilterApplicationTest -->
  <testcase classname="tests.HotelTest" name="hotelRoomBooking" time="0.0">
    <ignored/>
  </testcase> <!-- hotelRoomBooking -->
</testsuite> <!-- MakeMyTripTests-Firefox -->
