<?xml version="1.0" encoding="UTF-8"?>
<testng-results ignored="0" total="2" passed="2" failed="0" skipped="0">
  <reporter-output>
  </reporter-output>
  <suite started-at="2025-08-28T10:06:42 IST" name="Surefire suite" finished-at="2025-08-28T10:07:03 IST" duration-ms="20856">
    <groups>
    </groups>
    <test started-at="2025-08-28T10:06:42 IST" name="Surefire test" finished-at="2025-08-28T10:07:03 IST" duration-ms="20856">
      <class name="tests.LoginTest">
        <test-method signature="f()[pri:0, instance:tests.LoginTest@5dd6264]" started-at="2025-08-28T10:07:03 IST" name="f" finished-at="2025-08-28T10:07:03 IST" duration-ms="1" status="PASS">
          <reporter-output>
          </reporter-output>
        </test-method> <!-- f -->
      </class> <!-- tests.LoginTest -->
      <class name="tests.HotelTest">
        <test-method signature="openBrowser()[pri:0, instance:tests.HotelTest@78e94dcf]" started-at="2025-08-28T10:06:42 IST" name="openBrowser" finished-at="2025-08-28T10:07:03 IST" duration-ms="20810" status="PASS">
          <reporter-output>
          </reporter-output>
        </test-method> <!-- openBrowser -->
        <test-method is-config="true" signature="closeBrowser()[pri:0, instance:tests.HotelTest@78e94dcf]" started-at="2025-08-28T10:07:03 IST" name="closeBrowser" finished-at="2025-08-28T10:07:03 IST" duration-ms="5" status="PASS">
          <reporter-output>
          </reporter-output>
        </test-method> <!-- closeBrowser -->
      </class> <!-- tests.HotelTest -->
    </test> <!-- Surefire test -->
  </suite> <!-- Surefire suite -->
</testng-results>
