<?xml version="1.0" encoding="UTF-8"?>
<!-- Generated by org.testng.reporters.JUnitXMLReporter -->
<testsuite ignored="0" hostname="LAPTOP-755STTQD" failures="0" tests="3" name="Flight Test" time="44.346" errors="0" timestamp="2025-08-28T23:51:54 IST">
  <testcase classname="tests.FlightTest" name="ads" time="0.197"/>
  <testcase classname="tests.FlightTest" name="OneWayTrip" time="22.062"/>
  <testcase classname="tests.FlightTest" name="RoundTrip" time="22.071"/>
</testsuite> <!-- Flight Test -->
