<?xml version="1.0" encoding="UTF-8"?>
<!-- Generated by org.testng.reporters.JUnitXMLReporter -->
<testsuite ignored="0" hostname="LAPTOP-755STTQD" failures="0" tests="13" name="MakeMyTripTestsChrome" time="0.218" errors="0" timestamp="2025-09-11T13:14:45 IST">
  <testcase classname="tests.HotelTest" name="hotelSearchWithFutureDatesTest" time="0.001">
    <skipped/>
  </testcase> <!-- hotelSearchWithFutureDatesTest -->
  <testcase classname="tests.LoginTest" name="EnterLoginCredential" time="0.0">
    <skipped/>
  </testcase> <!-- EnterLoginCredential -->
  <testcase classname="tests.FlightTest" name="ads" time="0.001">
    <skipped/>
  </testcase> <!-- ads -->
  <testcase classname="tests.HotelTest" name="hotelFilterApplicationTest" time="0.0">
    <skipped/>
  </testcase> <!-- hotelFilterApplicationTest -->
  <testcase classname="tests.FlightTest" name="OneWayTrip" time="0.0">
    <skipped/>
  </testcase> <!-- OneWayTrip -->
  <testcase classname="tests.HotelTest" name="hotelSortResults" time="0.0">
    <skipped/>
  </testcase> <!-- hotelSortResults -->
  <testcase classname="tests.LoginTest" name="testClosePopup" time="0.0">
    <skipped/>
  </testcase> <!-- testClosePopup -->
  <testcase classname="tests.FlightTest" name="RoundTrip" time="0.0">
    <skipped/>
  </testcase> <!-- RoundTrip -->
  <testcase classname="tests.HotelTest" name="hotelDetailPageValidation" time="0.001">
    <skipped/>
  </testcase> <!-- hotelDetailPageValidation -->
  <testcase classname="tests.HotelTest" name="hotelRoomBooking" time="0.0">
    <skipped/>
  </testcase> <!-- hotelRoomBooking -->
  <testcase classname="tests.HotelTest" name="hotelSearchWithPastCheckinDate" time="0.0">
    <skipped/>
  </testcase> <!-- hotelSearchWithPastCheckinDate -->
  <testcase classname="tests.HotelTest" name="hotelSearchWithSameCheckinCheckoutDate" time="0.001">
    <skipped/>
  </testcase> <!-- hotelSearchWithSameCheckinCheckoutDate -->
  <testcase classname="tests.HotelTest" name="hotelSearchWithoutDestination" time="0.0">
    <skipped/>
  </testcase> <!-- hotelSearchWithoutDestination -->
</testsuite> <!-- MakeMyTripTestsChrome -->
