<?xml version="1.0" encoding="UTF-8"?>
<!-- Generated by org.testng.reporters.JUnitXMLReporter -->
<testsuite ignored="4" hostname="LAPTOP-755STTQD" failures="0" tests="6" name="RegressionTests-Chrome" time="0.096" errors="0" timestamp="2025-08-28T23:05:46 IST">
  <testcase classname="tests.LoginTest" name="EnterLoginCredential" time="0.0">
    <skipped/>
  </testcase> <!-- EnterLoginCredential -->
  <testcase classname="tests.HotelTest" name="searchHotel" time="0.0">
    <skipped/>
  </testcase> <!-- searchHotel -->
  <testcase classname="tests.LoginTest" name="testClosePopup" time="0.0">
    <skipped/>
  </testcase> <!-- testClosePopup -->
  <testcase classname="tests.FlightTest" name="ads" time="0.0">
    <skipped/>
  </testcase> <!-- ads -->
  <testcase classname="tests.FlightTest" name="OneWayTrip" time="0.0">
    <skipped/>
  </testcase> <!-- OneWayTrip -->
  <testcase classname="tests.FlightTest" name="RoundTrip" time="0.0">
    <skipped/>
  </testcase> <!-- RoundTrip -->
  <testcase classname="base.DriverSetup" name="@BeforeSuite openBrowser" time="0.0">
    <ignored/>
  </testcase> <!-- @BeforeSuite openBrowser -->
  <testcase classname="base.DriverSetup" name="@AfterSuite closeBrowser" time="0.0">
    <ignored/>
  </testcase> <!-- @AfterSuite closeBrowser -->
  <testcase classname="base.DriverSetup" name="@BeforeSuite openBrowser" time="0.0">
    <ignored/>
  </testcase> <!-- @BeforeSuite openBrowser -->
  <testcase classname="base.DriverSetup" name="@AfterSuite closeBrowser" time="0.0">
    <ignored/>
  </testcase> <!-- @AfterSuite closeBrowser -->
</testsuite> <!-- RegressionTests-Chrome -->
