<?xml version="1.0" encoding="UTF-8"?>
<testng-results ignored="0" total="13" passed="13" failed="0" skipped="0">
  <reporter-output>
  </reporter-output>
  <suite started-at="2025-09-17T19:30:17 IST" name="RegressionSuite" finished-at="2025-09-17T19:32:58 IST" duration-ms="160580">
    <groups>
      <group name="smoke">
        <method signature="HotelTest.hotelSearchWithFutureDatesTest()[pri:0, instance:tests.HotelTest@70e38ce1]" name="hotelSearchWithFutureDatesTest" class="tests.HotelTest"/>
        <method signature="LoginTest.EnterLoginCredential()[pri:1, instance:tests.LoginTest@2e570ded]" name="EnterLoginCredential" class="tests.LoginTest"/>
        <method signature="FlightTest.OneWayTrip()[pri:2, instance:tests.FlightTest@4808bc9b]" name="OneWayTrip" class="tests.FlightTest"/>
        <method signature="LoginTest.testClosePopup()[pri:2, instance:tests.LoginTest@2e570ded]" name="testClosePopup" class="tests.LoginTest"/>
      </group> <!-- smoke -->
    </groups>
    <test started-at="2025-09-17T19:30:17 IST" name="MakeMyTripTests" finished-at="2025-09-17T19:32:58 IST" duration-ms="160580">
      <class name="tests.LoginTest">
        <test-method is-config="true" signature="openBrowser(java.lang.String)[pri:0, instance:tests.LoginTest@2e570ded]" started-at="2025-09-17T19:30:17 IST" name="openBrowser" finished-at="2025-09-17T19:30:25 IST" duration-ms="7843" status="PASS">
          <params>
            <param index="0">
              <value>
                <![CDATA[firefox]]>
              </value>
            </param>
          </params>
          <reporter-output>
          </reporter-output>
        </test-method> <!-- openBrowser -->
        <test-method is-config="true" signature="logTestStart(java.lang.reflect.Method)[pri:0, instance:tests.LoginTest@2e570ded]" started-at="2025-09-17T19:30:25 IST" name="logTestStart" finished-at="2025-09-17T19:30:25 IST" duration-ms="9" status="PASS">
          <params>
            <param index="0">
              <value>
                <![CDATA[public void tests.LoginTest.EnterLoginCredential() throws java.lang.InterruptedException]]>
              </value>
            </param>
          </params>
          <reporter-output>
          </reporter-output>
        </test-method> <!-- logTestStart -->
        <test-method signature="EnterLoginCredential()[pri:1, instance:tests.LoginTest@2e570ded]" started-at="2025-09-17T19:30:25 IST" name="EnterLoginCredential" finished-at="2025-09-17T19:30:26 IST" duration-ms="866" status="PASS">
          <reporter-output>
          </reporter-output>
        </test-method> <!-- EnterLoginCredential -->
        <test-method is-config="true" signature="logTestStart(java.lang.reflect.Method)[pri:0, instance:tests.LoginTest@2e570ded]" started-at="2025-09-17T19:30:26 IST" name="logTestStart" finished-at="2025-09-17T19:30:26 IST" duration-ms="1" status="PASS">
          <params>
            <param index="0">
              <value>
                <![CDATA[public void tests.LoginTest.testClosePopup()]]>
              </value>
            </param>
          </params>
          <reporter-output>
          </reporter-output>
        </test-method> <!-- logTestStart -->
        <test-method signature="testClosePopup()[pri:2, instance:tests.LoginTest@2e570ded]" started-at="2025-09-17T19:30:26 IST" name="testClosePopup" finished-at="2025-09-17T19:30:26 IST" duration-ms="151" status="PASS">
          <reporter-output>
          </reporter-output>
        </test-method> <!-- testClosePopup -->
        <test-method is-config="true" signature="destroyBrowser()[pri:0, instance:tests.LoginTest@2e570ded]" started-at="2025-09-17T19:30:26 IST" name="destroyBrowser" finished-at="2025-09-17T19:30:27 IST" duration-ms="1186" status="PASS">
          <reporter-output>
          </reporter-output>
        </test-method> <!-- destroyBrowser -->
      </class> <!-- tests.LoginTest -->
      <class name="tests.HotelTest">
        <test-method is-config="true" signature="setup(java.lang.String)[pri:0, instance:tests.HotelTest@70e38ce1]" started-at="2025-09-17T19:30:44 IST" name="setup" finished-at="2025-09-17T19:30:50 IST" duration-ms="6091" status="PASS">
          <params>
            <param index="0">
              <value>
                <![CDATA[firefox]]>
              </value>
            </param>
          </params>
          <reporter-output>
          </reporter-output>
        </test-method> <!-- setup -->
        <test-method is-config="true" signature="logTestStart(java.lang.reflect.Method)[pri:0, instance:tests.HotelTest@70e38ce1]" started-at="2025-09-17T19:30:50 IST" name="logTestStart" finished-at="2025-09-17T19:30:50 IST" duration-ms="2" status="PASS">
          <params>
            <param index="0">
              <value>
                <![CDATA[public void tests.HotelTest.hotelSearchWithFutureDatesTest() throws java.lang.InterruptedException]]>
              </value>
            </param>
          </params>
          <reporter-output>
          </reporter-output>
        </test-method> <!-- logTestStart -->
        <test-method signature="hotelSearchWithFutureDatesTest()[pri:0, instance:tests.HotelTest@70e38ce1]" started-at="2025-09-17T19:30:50 IST" name="hotelSearchWithFutureDatesTest" description="Search hotels in a valid location with future check-in and check-out dates" finished-at="2025-09-17T19:30:57 IST" duration-ms="6220" status="PASS">
          <reporter-output>
          </reporter-output>
        </test-method> <!-- hotelSearchWithFutureDatesTest -->
        <test-method signature="hotelFilterApplicationTest()[pri:1, instance:tests.HotelTest@70e38ce1]" started-at="2025-09-17T19:30:57 IST" name="hotelFilterApplicationTest" description="Apply filters like star rating, amenities, and price range" finished-at="2025-09-17T19:32:02 IST" duration-ms="65798" status="PASS">
          <reporter-output>
          </reporter-output>
        </test-method> <!-- hotelFilterApplicationTest -->
        <test-method is-config="true" signature="logTestStart(java.lang.reflect.Method)[pri:0, instance:tests.HotelTest@70e38ce1]" started-at="2025-09-17T19:30:57 IST" name="logTestStart" finished-at="2025-09-17T19:30:57 IST" duration-ms="0" status="PASS">
          <params>
            <param index="0">
              <value>
                <![CDATA[public void tests.HotelTest.hotelFilterApplicationTest() throws java.lang.InterruptedException,java.io.IOException]]>
              </value>
            </param>
          </params>
          <reporter-output>
          </reporter-output>
        </test-method> <!-- logTestStart -->
        <test-method is-config="true" signature="logTestStart(java.lang.reflect.Method)[pri:0, instance:tests.HotelTest@70e38ce1]" started-at="2025-09-17T19:32:02 IST" name="logTestStart" finished-at="2025-09-17T19:32:02 IST" duration-ms="1" status="PASS">
          <params>
            <param index="0">
              <value>
                <![CDATA[public void tests.HotelTest.hotelSortResults() throws java.lang.InterruptedException]]>
              </value>
            </param>
          </params>
          <reporter-output>
          </reporter-output>
        </test-method> <!-- logTestStart -->
        <test-method signature="hotelSortResults()[pri:2, instance:tests.HotelTest@70e38ce1]" started-at="2025-09-17T19:32:02 IST" name="hotelSortResults" description="Sort hotel results by rating or lowest price" finished-at="2025-09-17T19:32:33 IST" duration-ms="30869" status="PASS">
          <reporter-output>
          </reporter-output>
        </test-method> <!-- hotelSortResults -->
        <test-method is-config="true" signature="logTestStart(java.lang.reflect.Method)[pri:0, instance:tests.HotelTest@70e38ce1]" started-at="2025-09-17T19:32:33 IST" name="logTestStart" finished-at="2025-09-17T19:32:33 IST" duration-ms="1" status="PASS">
          <params>
            <param index="0">
              <value>
                <![CDATA[public void tests.HotelTest.hotelDetailPageValidation() throws java.lang.InterruptedException]]>
              </value>
            </param>
          </params>
          <reporter-output>
          </reporter-output>
        </test-method> <!-- logTestStart -->
        <test-method signature="hotelDetailPageValidation()[pri:3, instance:tests.HotelTest@70e38ce1]" started-at="2025-09-17T19:32:33 IST" name="hotelDetailPageValidation" description="Open hotel detail page and verify room types and prices" finished-at="2025-09-17T19:32:36 IST" duration-ms="2443" status="PASS">
          <reporter-output>
          </reporter-output>
        </test-method> <!-- hotelDetailPageValidation -->
        <test-method is-config="true" signature="logTestStart(java.lang.reflect.Method)[pri:0, instance:tests.HotelTest@70e38ce1]" started-at="2025-09-17T19:32:36 IST" name="logTestStart" finished-at="2025-09-17T19:32:36 IST" duration-ms="1" status="PASS">
          <params>
            <param index="0">
              <value>
                <![CDATA[public void tests.HotelTest.hotelRoomBooking() throws java.io.IOException]]>
              </value>
            </param>
          </params>
          <reporter-output>
          </reporter-output>
        </test-method> <!-- logTestStart -->
        <test-method signature="hotelRoomBooking()[pri:4, instance:tests.HotelTest@70e38ce1]" started-at="2025-09-17T19:32:36 IST" name="hotelRoomBooking" description="Book a hotel room with valid guest details" finished-at="2025-09-17T19:32:44 IST" duration-ms="7769" status="PASS">
          <reporter-output>
          </reporter-output>
        </test-method> <!-- hotelRoomBooking -->
        <test-method is-config="true" signature="logTestStart(java.lang.reflect.Method)[pri:0, instance:tests.HotelTest@70e38ce1]" started-at="2025-09-17T19:32:44 IST" name="logTestStart" finished-at="2025-09-17T19:32:44 IST" duration-ms="1" status="PASS">
          <params>
            <param index="0">
              <value>
                <![CDATA[public void tests.HotelTest.hotelSearchWithPastCheckinDate()]]>
              </value>
            </param>
          </params>
          <reporter-output>
          </reporter-output>
        </test-method> <!-- logTestStart -->
        <test-method signature="hotelSearchWithPastCheckinDate()[pri:5, instance:tests.HotelTest@70e38ce1]" started-at="2025-09-17T19:32:44 IST" name="hotelSearchWithPastCheckinDate" description="Search with past check-in date should show validation error" finished-at="2025-09-17T19:32:49 IST" duration-ms="5844" status="PASS">
          <reporter-output>
          </reporter-output>
        </test-method> <!-- hotelSearchWithPastCheckinDate -->
        <test-method is-config="true" signature="logTestStart(java.lang.reflect.Method)[pri:0, instance:tests.HotelTest@70e38ce1]" started-at="2025-09-17T19:32:49 IST" name="logTestStart" finished-at="2025-09-17T19:32:49 IST" duration-ms="1" status="PASS">
          <params>
            <param index="0">
              <value>
                <![CDATA[public void tests.HotelTest.hotelSearchWithSameCheckinCheckoutDate()]]>
              </value>
            </param>
          </params>
          <reporter-output>
          </reporter-output>
        </test-method> <!-- logTestStart -->
        <test-method signature="hotelSearchWithSameCheckinCheckoutDate()[pri:6, instance:tests.HotelTest@70e38ce1]" started-at="2025-09-17T19:32:49 IST" name="hotelSearchWithSameCheckinCheckoutDate" description="Same check-in and check-out date should show validation error" finished-at="2025-09-17T19:32:51 IST" duration-ms="1232" status="PASS">
          <reporter-output>
          </reporter-output>
        </test-method> <!-- hotelSearchWithSameCheckinCheckoutDate -->
        <test-method is-config="true" signature="logTestStart(java.lang.reflect.Method)[pri:0, instance:tests.HotelTest@70e38ce1]" started-at="2025-09-17T19:32:51 IST" name="logTestStart" finished-at="2025-09-17T19:32:51 IST" duration-ms="1" status="PASS">
          <params>
            <param index="0">
              <value>
                <![CDATA[public void tests.HotelTest.hotelSearchWithoutDestination() throws java.io.IOException]]>
              </value>
            </param>
          </params>
          <reporter-output>
          </reporter-output>
        </test-method> <!-- logTestStart -->
        <test-method signature="hotelSearchWithoutDestination()[pri:7, instance:tests.HotelTest@70e38ce1]" started-at="2025-09-17T19:32:51 IST" name="hotelSearchWithoutDestination" description="Search without entering destination should show validation error" finished-at="2025-09-17T19:32:56 IST" duration-ms="5532" status="PASS">
          <reporter-output>
          </reporter-output>
        </test-method> <!-- hotelSearchWithoutDestination -->
        <test-method is-config="true" signature="tearDown()[pri:0, instance:tests.HotelTest@70e38ce1]" started-at="2025-09-17T19:32:56 IST" name="tearDown" finished-at="2025-09-17T19:32:58 IST" duration-ms="1361" status="PASS">
          <reporter-output>
          </reporter-output>
        </test-method> <!-- tearDown -->
      </class> <!-- tests.HotelTest -->
      <class name="tests.FlightTest">
        <test-method is-config="true" signature="openBrowser(java.lang.String)[pri:0, instance:tests.FlightTest@4808bc9b]" started-at="2025-09-17T19:30:27 IST" name="openBrowser" finished-at="2025-09-17T19:30:34 IST" duration-ms="6880" status="PASS">
          <params>
            <param index="0">
              <value>
                <![CDATA[firefox]]>
              </value>
            </param>
          </params>
          <reporter-output>
          </reporter-output>
        </test-method> <!-- openBrowser -->
        <test-method is-config="true" signature="logTestStart(java.lang.reflect.Method)[pri:0, instance:tests.FlightTest@4808bc9b]" started-at="2025-09-17T19:30:34 IST" name="logTestStart" finished-at="2025-09-17T19:30:34 IST" duration-ms="1" status="PASS">
          <params>
            <param index="0">
              <value>
                <![CDATA[public void tests.FlightTest.ads()]]>
              </value>
            </param>
          </params>
          <reporter-output>
          </reporter-output>
        </test-method> <!-- logTestStart -->
        <test-method signature="ads()[pri:1, instance:tests.FlightTest@4808bc9b]" started-at="2025-09-17T19:30:34 IST" name="ads" finished-at="2025-09-17T19:30:34 IST" duration-ms="130" status="PASS">
          <reporter-output>
          </reporter-output>
        </test-method> <!-- ads -->
        <test-method is-config="true" signature="logTestStart(java.lang.reflect.Method)[pri:0, instance:tests.FlightTest@4808bc9b]" started-at="2025-09-17T19:30:34 IST" name="logTestStart" finished-at="2025-09-17T19:30:34 IST" duration-ms="1" status="PASS">
          <params>
            <param index="0">
              <value>
                <![CDATA[public void tests.FlightTest.OneWayTrip() throws java.lang.InterruptedException]]>
              </value>
            </param>
          </params>
          <reporter-output>
          </reporter-output>
        </test-method> <!-- logTestStart -->
        <test-method signature="OneWayTrip()[pri:2, instance:tests.FlightTest@4808bc9b]" started-at="2025-09-17T19:30:34 IST" name="OneWayTrip" finished-at="2025-09-17T19:30:38 IST" duration-ms="3584" status="PASS">
          <reporter-output>
          </reporter-output>
        </test-method> <!-- OneWayTrip -->
        <test-method is-config="true" signature="logTestStart(java.lang.reflect.Method)[pri:0, instance:tests.FlightTest@4808bc9b]" started-at="2025-09-17T19:30:38 IST" name="logTestStart" finished-at="2025-09-17T19:30:38 IST" duration-ms="2" status="PASS">
          <params>
            <param index="0">
              <value>
                <![CDATA[public void tests.FlightTest.RoundTrip() throws java.lang.InterruptedException]]>
              </value>
            </param>
          </params>
          <reporter-output>
          </reporter-output>
        </test-method> <!-- logTestStart -->
        <test-method signature="RoundTrip()[pri:3, instance:tests.FlightTest@4808bc9b]" started-at="2025-09-17T19:30:38 IST" name="RoundTrip" finished-at="2025-09-17T19:30:43 IST" duration-ms="5516" status="PASS">
          <reporter-output>
          </reporter-output>
        </test-method> <!-- RoundTrip -->
        <test-method is-config="true" signature="tearDown()[pri:0, instance:tests.FlightTest@4808bc9b]" started-at="2025-09-17T19:30:43 IST" name="tearDown" finished-at="2025-09-17T19:30:44 IST" duration-ms="1151" status="PASS">
          <reporter-output>
          </reporter-output>
        </test-method> <!-- tearDown -->
      </class> <!-- tests.FlightTest -->
    </test> <!-- MakeMyTripTests -->
  </suite> <!-- RegressionSuite -->
</testng-results>
